# JRE version: OpenJDK Runtime Environment (8.0_152-b01) (build 1.8.0_152-release-915-b01)
# Java VM: OpenJDK 64-Bit Server VM (25.152-b01 mixed mode windows-amd64 compressed oops)
Heap:
 PSYoungGen      total 156160K, used 109579K [0x00000000e0000000, 0x00000000ee280000, 0x0000000100000000)
  eden space 88576K, 76% used [0x00000000e0000000,0x00000000e42181f0,0x00000000e5680000)
  from space 67584K, 61% used [0x00000000e9b80000,0x00000000ec46ad80,0x00000000edd80000)
  to   space 70656K, 0% used [0x00000000e5680000,0x00000000e5680000,0x00000000e9b80000)
 ParOldGen       total 227840K, used 136354K [0x00000000a0000000, 0x00000000ade80000, 0x00000000e0000000)
  object space 227840K, 59% used [0x00000000a0000000,0x00000000a8528960,0x00000000ade80000)
 Metaspace       used 74886K, capacity 78298K, committed 78612K, reserved 1118208K
  class space    used 9618K, capacity 10461K, committed 10516K, reserved 1048576K
GC Heap History (10 events):
Event: 440.250 GC heap before
{Heap before GC invocations=51 (full 5):
 PSYoungGen      total 113152K, used 70144K [0x00000000e0000000, 0x00000000ee800000, 0x0000000100000000)
  eden space 70144K, 100% used [0x00000000e0000000,0x00000000e4480000,0x00000000e4480000)
  from space 43008K, 0% used [0x00000000e4480000,0x00000000e4480000,0x00000000e6e80000)
  to   space 76800K, 0% used [0x00000000e9d00000,0x00000000e9d00000,0x00000000ee800000)
 ParOldGen       total 227840K, used 136322K [0x00000000a0000000, 0x00000000ade80000, 0x00000000e0000000)
  object space 227840K, 59% used [0x00000000a0000000,0x00000000a8520960,0x00000000ade80000)
 Metaspace       used 73939K, capacity 77276K, committed 77716K, reserved 1116160K
  class space    used 9510K, capacity 10328K, committed 10388K, reserved 1048576K
Event: 440.255 GC heap after
Heap after GC invocations=51 (full 5):
 PSYoungGen      total 146432K, used 2792K [0x00000000e0000000, 0x00000000ee080000, 0x0000000100000000)
  eden space 77312K, 0% used [0x00000000e0000000,0x00000000e0000000,0x00000000e4b80000)
  from space 69120K, 4% used [0x00000000e9d00000,0x00000000e9fba2c8,0x00000000ee080000)
  to   space 76288K, 0% used [0x00000000e4b80000,0x00000000e4b80000,0x00000000e9600000)
 ParOldGen       total 227840K, used 136330K [0x00000000a0000000, 0x00000000ade80000, 0x00000000e0000000)
  object space 227840K, 59% used [0x00000000a0000000,0x00000000a8522960,0x00000000ade80000)
 Metaspace       used 73939K, capacity 77276K, committed 77716K, reserved 1116160K
  class space    used 9510K, capacity 10328K, committed 10388K, reserved 1048576K
}
Event: 440.718 GC heap before
{Heap before GC invocations=52 (full 5):
 PSYoungGen      total 146432K, used 80104K [0x00000000e0000000, 0x00000000ee080000, 0x0000000100000000)
  eden space 77312K, 100% used [0x00000000e0000000,0x00000000e4b80000,0x00000000e4b80000)
  from space 69120K, 4% used [0x00000000e9d00000,0x00000000e9fba2c8,0x00000000ee080000)
  to   space 76288K, 0% used [0x00000000e4b80000,0x00000000e4b80000,0x00000000e9600000)
 ParOldGen       total 227840K, used 136330K [0x00000000a0000000, 0x00000000ade80000, 0x00000000e0000000)
  object space 227840K, 59% used [0x00000000a0000000,0x00000000a8522960,0x00000000ade80000)
 Metaspace       used 74335K, capacity 77724K, committed 78100K, reserved 1116160K
  class space    used 9552K, capacity 10392K, committed 10516K, reserved 1048576K
Event: 440.726 GC heap after
Heap after GC invocations=52 (full 5):
 PSYoungGen      total 153600K, used 5824K [0x00000000e0000000, 0x00000000ee380000, 0x0000000100000000)
  eden space 77312K, 0% used [0x00000000e0000000,0x00000000e0000000,0x00000000e4b80000)
  from space 76288K, 7% used [0x00000000e4b80000,0x00000000e5130338,0x00000000e9600000)
  to   space 74240K, 0% used [0x00000000e9b00000,0x00000000e9b00000,0x00000000ee380000)
 ParOldGen       total 227840K, used 136338K [0x00000000a0000000, 0x00000000ade80000, 0x00000000e0000000)
  object space 227840K, 59% used [0x00000000a0000000,0x00000000a8524960,0x00000000ade80000)
 Metaspace       used 74335K, capacity 77724K, committed 78100K, reserved 1116160K
  class space    used 9552K, capacity 10392K, committed 10516K, reserved 1048576K
}
Event: 441.027 GC heap before
{Heap before GC invocations=53 (full 5):
 PSYoungGen      total 153600K, used 83136K [0x00000000e0000000, 0x00000000ee380000, 0x0000000100000000)
  eden space 77312K, 100% used [0x00000000e0000000,0x00000000e4b80000,0x00000000e4b80000)
  from space 76288K, 7% used [0x00000000e4b80000,0x00000000e5130338,0x00000000e9600000)
  to   space 74240K, 0% used [0x00000000e9b00000,0x00000000e9b00000,0x00000000ee380000)
 ParOldGen       total 227840K, used 136338K [0x00000000a0000000, 0x00000000ade80000, 0x00000000e0000000)
  object space 227840K, 59% used [0x00000000a0000000,0x00000000a8524960,0x00000000ade80000)
 Metaspace       used 74348K, capacity 77724K, committed 78100K, reserved 1116160K
  class space    used 9552K, capacity 10392K, committed 10516K, reserved 1048576K
Event: 441.040 GC heap after
Heap after GC invocations=53 (full 5):
 PSYoungGen      total 151552K, used 15377K [0x00000000e0000000, 0x00000000edc80000, 0x0000000100000000)
  eden space 84480K, 0% used [0x00000000e0000000,0x00000000e0000000,0x00000000e5280000)
  from space 67072K, 22% used [0x00000000e9b00000,0x00000000eaa04728,0x00000000edc80000)
  to   space 70656K, 0% used [0x00000000e5280000,0x00000000e5280000,0x00000000e9780000)
 ParOldGen       total 227840K, used 136338K [0x00000000a0000000, 0x00000000ade80000, 0x00000000e0000000)
  object space 227840K, 59% used [0x00000000a0000000,0x00000000a8524960,0x00000000ade80000)
 Metaspace       used 74348K, capacity 77724K, committed 78100K, reserved 1116160K
  class space    used 9552K, capacity 10392K, committed 10516K, reserved 1048576K
}
Event: 441.389 GC heap before
{Heap before GC invocations=54 (full 5):
 PSYoungGen      total 151552K, used 99857K [0x00000000e0000000, 0x00000000edc80000, 0x0000000100000000)
  eden space 84480K, 100% used [0x00000000e0000000,0x00000000e5280000,0x00000000e5280000)
  from space 67072K, 22% used [0x00000000e9b00000,0x00000000eaa04728,0x00000000edc80000)
  to   space 70656K, 0% used [0x00000000e5280000,0x00000000e5280000,0x00000000e9780000)
 ParOldGen       total 227840K, used 136338K [0x00000000a0000000, 0x00000000ade80000, 0x00000000e0000000)
  object space 227840K, 59% used [0x00000000a0000000,0x00000000a8524960,0x00000000ade80000)
 Metaspace       used 74400K, capacity 77788K, committed 78100K, reserved 1116160K
  class space    used 9552K, capacity 10392K, committed 10516K, reserved 1048576K
Event: 441.398 GC heap after
Heap after GC invocations=54 (full 5):
 PSYoungGen      total 155136K, used 12620K [0x00000000e0000000, 0x00000000edd80000, 0x0000000100000000)
  eden space 84480K, 0% used [0x00000000e0000000,0x00000000e0000000,0x00000000e5280000)
  from space 70656K, 17% used [0x00000000e5280000,0x00000000e5ed3068,0x00000000e9780000)
  to   space 67584K, 0% used [0x00000000e9b80000,0x00000000e9b80000,0x00000000edd80000)
 ParOldGen       total 227840K, used 136346K [0x00000000a0000000, 0x00000000ade80000, 0x00000000e0000000)
  object space 227840K, 59% used [0x00000000a0000000,0x00000000a8526960,0x00000000ade80000)
 Metaspace       used 74400K, capacity 77788K, committed 78100K, reserved 1116160K
  class space    used 9552K, capacity 10392K, committed 10516K, reserved 1048576K
}
Event: 442.623 GC heap before
{Heap before GC invocations=55 (full 5):
 PSYoungGen      total 155136K, used 97100K [0x00000000e0000000, 0x00000000edd80000, 0x0000000100000000)
  eden space 84480K, 100% used [0x00000000e0000000,0x00000000e5280000,0x00000000e5280000)
  from space 70656K, 17% used [0x00000000e5280000,0x00000000e5ed3068,0x00000000e9780000)
  to   space 67584K, 0% used [0x00000000e9b80000,0x00000000e9b80000,0x00000000edd80000)
 ParOldGen       total 227840K, used 136346K [0x00000000a0000000, 0x00000000ade80000, 0x00000000e0000000)
  object space 227840K, 59% used [0x00000000a0000000,0x00000000a8526960,0x00000000ade80000)
 Metaspace       used 74437K, capacity 77808K, committed 78100K, reserved 1116160K
  class space    used 9556K, capacity 10398K, committed 10516K, reserved 1048576K
Event: 442.644 GC heap after
Heap after GC invocations=55 (full 5):
 PSYoungGen      total 156160K, used 41899K [0x00000000e0000000, 0x00000000ee280000, 0x0000000100000000)
  eden space 88576K, 0% used [0x00000000e0000000,0x00000000e0000000,0x00000000e5680000)
  from space 67584K, 61% used [0x00000000e9b80000,0x00000000ec46ad80,0x00000000edd80000)
  to   space 70656K, 0% used [0x00000000e5680000,0x00000000e5680000,0x00000000e9b80000)
 ParOldGen       total 227840K, used 136354K [0x00000000a0000000, 0x00000000ade80000, 0x00000000e0000000)
  object space 227840K, 59% used [0x00000000a0000000,0x00000000a8528960,0x00000000ade80000)
 Metaspace       used 74437K, capacity 77808K, committed 78100K, reserved 1116160K
  class space    used 9556K, capacity 10398K, committed 10516K, reserved 1048576K
}

